app/build/intermediates/manifest_merge_blame_file/release/manifest-merger-blame-release-report.txt
1<?xml version="1.0" encoding="utf-8"?>
2<manifest xmlns:android="http://schemas.android.com/apk/res/android"
3    package="com.bamse.mochaglobal"
4    android:versionCode="1"
5    android:versionName="1.0" >
6
7    <uses-sdk
8        android:minSdkVersion="21"
8-->src/main/AndroidManifest.xml
9        android:targetSdkVersion="33" />
9-->src/main/AndroidManifest.xml
10
11    <uses-permission android:name="android.permission.INTERNET" />
11-->src/main/AndroidManifest.xml:5:5-67
11-->src/main/AndroidManifest.xml:5:22-64
12
13    <permission
13-->[androidx.core:core:1.9.0] AndroidManifest.xml:22:5-24:47
14        android:name="com.bamse.mochaglobal.DYNAMIC_RECEIVER_NOT_EXPORTED_PERMISSION"
14-->[androidx.core:core:1.9.0] AndroidManifest.xml:23:9-81
15        android:protectionLevel="signature" />
15-->[androidx.core:core:1.9.0] AndroidManifest.xml:24:9-44
16
17    <uses-permission android:name="com.bamse.mochaglobal.DYNAMIC_RECEIVER_NOT_EXPORTED_PERMISSION" />
17-->[androidx.core:core:1.9.0] AndroidManifest.xml:26:5-97
17-->[androidx.core:core:1.9.0] AndroidManifest.xml:26:22-94
18
19    <application
19-->src/main/AndroidManifest.xml:7:5-25:19
20        android:name="com.bamse.mochaglobal.AlertsMochaApp"
20-->src/main/AndroidManifest.xml:15:9-41
21        android:allowBackup="true"
21-->src/main/AndroidManifest.xml:8:9-35
22        android:appComponentFactory="androidx.core.app.CoreComponentFactory"
22-->[androidx.core:core:1.9.0] AndroidManifest.xml:28:18-86
23        android:dataExtractionRules="@xml/data_extraction_rules"
23-->src/main/AndroidManifest.xml:9:9-65
24        android:fullBackupContent="@xml/backup_rules"
24-->src/main/AndroidManifest.xml:10:9-54
25        android:icon="@drawable/ic_launcher"
25-->src/main/AndroidManifest.xml:11:9-45
26        android:label="@string/app_name"
26-->src/main/AndroidManifest.xml:12:9-41
27        android:supportsRtl="true"
27-->src/main/AndroidManifest.xml:13:9-35
28        android:theme="@style/Theme.WeatherAlertsAppTheme" >
28-->src/main/AndroidManifest.xml:14:9-59
29        <activity
29-->src/main/AndroidManifest.xml:16:9-24:20
30            android:name="com.bamse.mochaglobal.MainActivity"
30-->src/main/AndroidManifest.xml:17:13-41
31            android:exported="true" >
31-->src/main/AndroidManifest.xml:18:13-36
32            <intent-filter>
32-->src/main/AndroidManifest.xml:19:13-23:29
33                <action android:name="android.intent.action.MAIN" />
33-->src/main/AndroidManifest.xml:20:17-69
33-->src/main/AndroidManifest.xml:20:25-66
34
35                <category android:name="android.intent.category.LAUNCHER" />
35-->src/main/AndroidManifest.xml:22:17-77
35-->src/main/AndroidManifest.xml:22:27-74
36            </intent-filter>
37        </activity>
38
39        <provider
39-->[androidx.profileinstaller:profileinstaller:1.2.0] AndroidManifest.xml:25:9-33:20
40            android:name="androidx.startup.InitializationProvider"
40-->[androidx.profileinstaller:profileinstaller:1.2.0] AndroidManifest.xml:26:13-67
41            android:authorities="com.bamse.mochaglobal.androidx-startup"
41-->[androidx.profileinstaller:profileinstaller:1.2.0] AndroidManifest.xml:27:13-68
42            android:exported="false" >
42-->[androidx.profileinstaller:profileinstaller:1.2.0] AndroidManifest.xml:28:13-37
43            <meta-data
43-->[androidx.profileinstaller:profileinstaller:1.2.0] AndroidManifest.xml:30:13-32:52
44                android:name="androidx.profileinstaller.ProfileInstallerInitializer"
44-->[androidx.profileinstaller:profileinstaller:1.2.0] AndroidManifest.xml:31:17-85
45                android:value="androidx.startup" />
45-->[androidx.profileinstaller:profileinstaller:1.2.0] AndroidManifest.xml:32:17-49
46        </provider>
47
48        <receiver
48-->[androidx.profileinstaller:profileinstaller:1.2.0] AndroidManifest.xml:35:9-47:20
49            android:name="androidx.profileinstaller.ProfileInstallReceiver"
49-->[androidx.profileinstaller:profileinstaller:1.2.0] AndroidManifest.xml:36:13-76
50            android:directBootAware="false"
50-->[androidx.profileinstaller:profileinstaller:1.2.0] AndroidManifest.xml:37:13-44
51            android:enabled="true"
51-->[androidx.profileinstaller:profileinstaller:1.2.0] AndroidManifest.xml:38:13-35
52            android:exported="true"
52-->[androidx.profileinstaller:profileinstaller:1.2.0] AndroidManifest.xml:39:13-36
53            android:permission="android.permission.DUMP" >
53-->[androidx.profileinstaller:profileinstaller:1.2.0] AndroidManifest.xml:40:13-57
54            <intent-filter>
54-->[androidx.profileinstaller:profileinstaller:1.2.0] AndroidManifest.xml:41:13-43:29
55                <action android:name="androidx.profileinstaller.action.INSTALL_PROFILE" />
55-->[androidx.profileinstaller:profileinstaller:1.2.0] AndroidManifest.xml:42:17-91
55-->[androidx.profileinstaller:profileinstaller:1.2.0] AndroidManifest.xml:42:25-88
56            </intent-filter>
57            <intent-filter>
57-->[androidx.profileinstaller:profileinstaller:1.2.0] AndroidManifest.xml:44:13-46:29
58                <action android:name="androidx.profileinstaller.action.SKIP_FILE" />
58-->[androidx.profileinstaller:profileinstaller:1.2.0] AndroidManifest.xml:45:17-85
58-->[androidx.profileinstaller:profileinstaller:1.2.0] AndroidManifest.xml:45:25-82
59            </intent-filter>
60        </receiver>
61    </application>
62
63</manifest>